<?xml version="1.0" encoding="UTF-8"?>
<!-- Generated by org.testng.reporters.JUnitXMLReporter -->
<testsuite ignored="0" hostname="RGGYSLT-119" failures="0" tests="9" name="Default test" time="30.04" errors="0" timestamp="2024-05-09T10:38:02 IST">
  <testcase classname="tkptest.tests.UnoLogin" name="assertInvalidLogin" time="2.466"/>
  <testcase classname="tkptest.tests.UnoLogin" name="assertSuccessLogin" time="4.683"/>
  <testcase classname="tkptest.tests.UnoLogin" name="propertyListPage" time="13.406"/>
  <testcase classname="tkptest.tests.UnoLogin" name="dashboardPageUrl" time="1.113"/>
  <testcase classname="tkptest.tests.UnoLogin" name="dashboardDefaultProperty" time="0.045"/>
  <testcase classname="tkptest.tests.UnoLogin" name="dashboardPageTitle" time="0.024"/>
  <testcase classname="tkptest.tests.UnoLogin" name="megaMenuTitle" time="1.52"/>
  <testcase classname="tkptest.tests.UnoLogin" name="promotionBanner" time="0.311"/>
  <testcase classname="tkptest.tests.UnoLogin" name="RoomSetup" time="6.413"/>
</testsuite> <!-- Default test -->
