<?xml version="1.0" encoding="UTF-8"?>
<!-- Generated by org.testng.reporters.JUnitXMLReporter -->
<testsuite ignored="0" hostname="RGGYSLT-119" failures="1" tests="3" name="ValidLogin" time="96.352" errors="0" timestamp="2024-03-12T21:13:44 IST">
  <testcase classname="tkptest.tests.UnoLogin" name="loginPage" time="23.478"/>
  <testcase classname="tkptest.tests.UnoLogin" name="assertSuccesLogin" time="4.53">
    <failure type="java.lang.AssertionError" message="expected [Invalid Username and Password123] but found [Invalid Username and Password!!]">
      <![CDATA[java.lang.AssertionError: expected [Invalid Username and Password123] but found [Invalid Username and Password!!]
at tkptest.tests.UnoLogin.assertSuccesLogin(UnoLogin.java:33)
at java.base/java.util.ArrayList.forEach(ArrayList.java:1511)
at java.base/java.util.concurrent.FutureTask.run(FutureTask.java:264)
at java.base/java.util.concurrent.ThreadPoolExecutor.runWorker(ThreadPoolExecutor.java:1136)
at java.base/java.util.concurrent.ThreadPoolExecutor$Worker.run(ThreadPoolExecutor.java:635)
at java.base/java.lang.Thread.run(Thread.java:833)
... Removed 23 stack frames]]>
    </failure>
  </testcase> <!-- assertSuccesLogin -->
  <testcase classname="tkptest.tests.UnoLogin" name="propertyListPage" time="9.034"/>
</testsuite> <!-- ValidLogin -->
