<?xml version="1.0" encoding="UTF-8"?>
<testng-results ignored="0" total="9" passed="9" failed="0" skipped="0">
  <reporter-output>
  </reporter-output>
  <suite started-at="2024-05-09T10:37:32 IST" name="Default suite" finished-at="2024-05-09T10:38:02 IST" duration-ms="30040">
    <groups>
    </groups>
    <test started-at="2024-05-09T10:37:32 IST" name="Default test" finished-at="2024-05-09T10:38:02 IST" duration-ms="30040">
      <class name="tkptest.tests.UnoLogin">
        <test-method is-config="true" signature="launchApplication()[pri:0, instance:tkptest.tests.UnoLogin@350aac89]" started-at="2024-05-09T10:37:16 IST" name="launchApplication" finished-at="2024-05-09T10:37:32 IST" duration-ms="15928" status="PASS">
          <reporter-output>
          </reporter-output>
        </test-method> <!-- launchApplication -->
        <test-method signature="assertInvalidLogin()[pri:1, instance:tkptest.tests.UnoLogin@350aac89]" started-at="2024-05-09T10:37:32 IST" name="assertInvalidLogin" finished-at="2024-05-09T10:37:35 IST" duration-ms="2466" status="PASS">
          <reporter-output>
          </reporter-output>
        </test-method> <!-- assertInvalidLogin -->
        <test-method signature="assertSuccessLogin()[pri:2, instance:tkptest.tests.UnoLogin@350aac89]" started-at="2024-05-09T10:37:35 IST" name="assertSuccessLogin" finished-at="2024-05-09T10:37:40 IST" duration-ms="4683" status="PASS">
          <reporter-output>
          </reporter-output>
        </test-method> <!-- assertSuccessLogin -->
        <test-method signature="propertyListPage()[pri:3, instance:tkptest.tests.UnoLogin@350aac89]" started-at="2024-05-09T10:37:40 IST" name="propertyListPage" finished-at="2024-05-09T10:37:53 IST" duration-ms="13406" status="PASS">
          <reporter-output>
          </reporter-output>
        </test-method> <!-- propertyListPage -->
        <test-method signature="dashboardPageUrl()[pri:4, instance:tkptest.tests.UnoLogin@350aac89]" started-at="2024-05-09T10:37:53 IST" name="dashboardPageUrl" finished-at="2024-05-09T10:37:54 IST" duration-ms="1113" status="PASS">
          <reporter-output>
          </reporter-output>
        </test-method> <!-- dashboardPageUrl -->
        <test-method signature="dashboardDefaultProperty()[pri:5, instance:tkptest.tests.UnoLogin@350aac89]" started-at="2024-05-09T10:37:54 IST" name="dashboardDefaultProperty" finished-at="2024-05-09T10:37:54 IST" duration-ms="45" status="PASS">
          <reporter-output>
          </reporter-output>
        </test-method> <!-- dashboardDefaultProperty -->
        <test-method signature="dashboardPageTitle()[pri:6, instance:tkptest.tests.UnoLogin@350aac89]" started-at="2024-05-09T10:37:54 IST" name="dashboardPageTitle" finished-at="2024-05-09T10:37:54 IST" duration-ms="24" status="PASS">
          <reporter-output>
          </reporter-output>
        </test-method> <!-- dashboardPageTitle -->
        <test-method signature="megaMenuTitle()[pri:7, instance:tkptest.tests.UnoLogin@350aac89]" started-at="2024-05-09T10:37:54 IST" name="megaMenuTitle" finished-at="2024-05-09T10:37:56 IST" duration-ms="1520" status="PASS">
          <reporter-output>
          </reporter-output>
        </test-method> <!-- megaMenuTitle -->
        <test-method signature="promotionBanner()[pri:8, instance:tkptest.tests.UnoLogin@350aac89]" started-at="2024-05-09T10:37:56 IST" name="promotionBanner" finished-at="2024-05-09T10:37:56 IST" duration-ms="311" status="PASS">
          <reporter-output>
          </reporter-output>
        </test-method> <!-- promotionBanner -->
        <test-method signature="RoomSetup()[pri:9, instance:tkptest.tests.UnoLogin@350aac89]" started-at="2024-05-09T10:37:56 IST" name="RoomSetup" finished-at="2024-05-09T10:38:02 IST" duration-ms="6413" status="PASS">
          <reporter-output>
          </reporter-output>
        </test-method> <!-- RoomSetup -->
      </class> <!-- tkptest.tests.UnoLogin -->
    </test> <!-- Default test -->
  </suite> <!-- Default suite -->
</testng-results>
