<?xml version="1.0" encoding="UTF-8"?>
<!-- Generated by org.testng.reporters.JUnitXMLReporter -->
<testsuite ignored="4" hostname="RGGYSLT-119" failures="0" tests="0" time="0.016" errors="0" timestamp="2024-05-08T10:53:35 IST">
  <testcase classname="tkptest.tests.UnoLogin" name="assertSuccesLogin" time="0.0">
    <ignored/>
  </testcase> <!-- assertSuccesLogin -->
  <testcase classname="tkptest.tests.UnoLogin" name="propertyListPage" time="0.0">
    <ignored/>
  </testcase> <!-- propertyListPage -->
  <testcase classname="tkptest.tests.UnoLogin" name="promotionBanner" time="0.0">
    <ignored/>
  </testcase> <!-- promotionBanner -->
  <testcase classname="tkptest.tests.UnoLogin" name="masterOptionList" time="0.0">
    <ignored/>
  </testcase> <!-- masterOptionList -->
</testsuite>
